CRITICAL - 2021-07-06 07:23:40 --> Unknown column 'is_activated' in 'field list'
#0 C:\xampp\htdocs\api\system\Database\MySQLi\Connection.php(331): mysqli->query('INSERT INTO `st...')
#1 C:\xampp\htdocs\api\system\Database\BaseConnection.php(741): CodeIgniter\Database\MySQLi\Connection->execute('INSERT INTO `st...')
#2 C:\xampp\htdocs\api\system\Database\BaseConnection.php(669): CodeIgniter\Database\BaseConnection->simpleQuery('INSERT INTO `st...')
#3 C:\xampp\htdocs\api\system\Database\BaseBuilder.php(2091): CodeIgniter\Database\BaseConnection->query('INSERT INTO `st...', Array, false)
#4 C:\xampp\htdocs\api\app\Database\Seeds\StoresSeeder.php(14): CodeIgniter\Database\BaseBuilder->insertBatch(Array)
#5 C:\xampp\htdocs\api\system\Database\Seeder.php(174): App\Database\Seeds\StoresSeeder->run()
#6 C:\xampp\htdocs\api\app\Controllers\Migrate.php(45): CodeIgniter\Database\Seeder->call('App\\Database\\Se...')
#7 C:\xampp\htdocs\api\system\CodeIgniter.php(918): App\Controllers\Migrate->index()
#8 C:\xampp\htdocs\api\system\CodeIgniter.php(404): CodeIgniter\CodeIgniter->runController(Object(App\Controllers\Migrate))
#9 C:\xampp\htdocs\api\system\CodeIgniter.php(312): CodeIgniter\CodeIgniter->handleRequest(NULL, Object(Config\Cache), false)
#10 C:\xampp\htdocs\api\public\index.php(45): CodeIgniter\CodeIgniter->run()
#11 {main}
CRITICAL - 2021-07-06 07:24:11 --> Cannot use empty array elements in arrays
#0 [internal function]: CodeIgniter\Debug\Exceptions->shutdownHandler()
#1 {main}
CRITICAL - 2021-07-06 07:25:19 --> Unknown column 'is_activated' in 'field list'
#0 C:\xampp\htdocs\api\system\Database\MySQLi\Connection.php(331): mysqli->query('INSERT INTO `st...')
#1 C:\xampp\htdocs\api\system\Database\BaseConnection.php(741): CodeIgniter\Database\MySQLi\Connection->execute('INSERT INTO `st...')
#2 C:\xampp\htdocs\api\system\Database\BaseConnection.php(669): CodeIgniter\Database\BaseConnection->simpleQuery('INSERT INTO `st...')
#3 C:\xampp\htdocs\api\system\Database\BaseBuilder.php(2091): CodeIgniter\Database\BaseConnection->query('INSERT INTO `st...', Array, false)
#4 C:\xampp\htdocs\api\app\Database\Seeds\StoresSeeder.php(14): CodeIgniter\Database\BaseBuilder->insertBatch(Array)
#5 C:\xampp\htdocs\api\system\Database\Seeder.php(174): App\Database\Seeds\StoresSeeder->run()
#6 C:\xampp\htdocs\api\app\Controllers\Migrate.php(45): CodeIgniter\Database\Seeder->call('App\\Database\\Se...')
#7 C:\xampp\htdocs\api\system\CodeIgniter.php(918): App\Controllers\Migrate->index()
#8 C:\xampp\htdocs\api\system\CodeIgniter.php(404): CodeIgniter\CodeIgniter->runController(Object(App\Controllers\Migrate))
#9 C:\xampp\htdocs\api\system\CodeIgniter.php(312): CodeIgniter\CodeIgniter->handleRequest(NULL, Object(Config\Cache), false)
#10 C:\xampp\htdocs\api\public\index.php(45): CodeIgniter\CodeIgniter->run()
#11 {main}
CRITICAL - 2021-07-06 07:26:28 --> Unknown column 'is_activated' in 'field list'
#0 C:\xampp\htdocs\api\system\Database\MySQLi\Connection.php(331): mysqli->query('INSERT INTO `st...')
#1 C:\xampp\htdocs\api\system\Database\BaseConnection.php(741): CodeIgniter\Database\MySQLi\Connection->execute('INSERT INTO `st...')
#2 C:\xampp\htdocs\api\system\Database\BaseConnection.php(669): CodeIgniter\Database\BaseConnection->simpleQuery('INSERT INTO `st...')
#3 C:\xampp\htdocs\api\system\Database\BaseBuilder.php(2091): CodeIgniter\Database\BaseConnection->query('INSERT INTO `st...', Array, false)
#4 C:\xampp\htdocs\api\app\Database\Seeds\StoresSeeder.php(14): CodeIgniter\Database\BaseBuilder->insertBatch(Array)
#5 C:\xampp\htdocs\api\system\Database\Seeder.php(174): App\Database\Seeds\StoresSeeder->run()
#6 C:\xampp\htdocs\api\app\Controllers\Migrate.php(45): CodeIgniter\Database\Seeder->call('App\\Database\\Se...')
#7 C:\xampp\htdocs\api\system\CodeIgniter.php(918): App\Controllers\Migrate->index()
#8 C:\xampp\htdocs\api\system\CodeIgniter.php(404): CodeIgniter\CodeIgniter->runController(Object(App\Controllers\Migrate))
#9 C:\xampp\htdocs\api\system\CodeIgniter.php(312): CodeIgniter\CodeIgniter->handleRequest(NULL, Object(Config\Cache), false)
#10 C:\xampp\htdocs\api\public\index.php(45): CodeIgniter\CodeIgniter->run()
#11 {main}
CRITICAL - 2021-07-06 07:27:17 --> Cannot use empty array elements in arrays
#0 [internal function]: CodeIgniter\Debug\Exceptions->shutdownHandler()
#1 {main}
