CRITICAL - 2021-07-01 20:14:55 --> Unknown column 'e.last_name' in 'field list'
#0 C:\xampp\htdocs\api\system\Database\MySQLi\Connection.php(331): mysqli->query('SELECT `a`.*, `...')
#1 C:\xampp\htdocs\api\system\Database\BaseConnection.php(741): CodeIgniter\Database\MySQLi\Connection->execute('SELECT `a`.*, `...')
#2 C:\xampp\htdocs\api\system\Database\BaseConnection.php(669): CodeIgniter\Database\BaseConnection->simpleQuery('SELECT `a`.*, `...')
#3 C:\xampp\htdocs\api\system\Database\BaseBuilder.php(1860): CodeIgniter\Database\BaseConnection->query('SELECT `a`.*, `...', Array, false)
#4 C:\xampp\htdocs\api\app\Models\Orders.php(150): CodeIgniter\Database\BaseBuilder->get()
#5 C:\xampp\htdocs\api\app\Controllers\Seller\Orders.php(23): App\Models\Orders->orderForStore(1)
#6 C:\xampp\htdocs\api\system\CodeIgniter.php(918): App\Controllers\Seller\Orders->index()
#7 C:\xampp\htdocs\api\system\CodeIgniter.php(404): CodeIgniter\CodeIgniter->runController(Object(App\Controllers\Seller\Orders))
#8 C:\xampp\htdocs\api\system\CodeIgniter.php(312): CodeIgniter\CodeIgniter->handleRequest(NULL, Object(Config\Cache), false)
#9 C:\xampp\htdocs\api\public\index.php(45): CodeIgniter\CodeIgniter->run()
#10 {main}
CRITICAL - 2021-07-01 20:16:28 --> Unknown column 'b.addess' in 'field list'
#0 C:\xampp\htdocs\api\system\Database\MySQLi\Connection.php(331): mysqli->query('SELECT `a`.*, `...')
#1 C:\xampp\htdocs\api\system\Database\BaseConnection.php(741): CodeIgniter\Database\MySQLi\Connection->execute('SELECT `a`.*, `...')
#2 C:\xampp\htdocs\api\system\Database\BaseConnection.php(669): CodeIgniter\Database\BaseConnection->simpleQuery('SELECT `a`.*, `...')
#3 C:\xampp\htdocs\api\system\Database\BaseBuilder.php(1860): CodeIgniter\Database\BaseConnection->query('SELECT `a`.*, `...', Array, false)
#4 C:\xampp\htdocs\api\app\Models\Orders.php(150): CodeIgniter\Database\BaseBuilder->get()
#5 C:\xampp\htdocs\api\app\Controllers\Seller\Orders.php(23): App\Models\Orders->orderForStore(1)
#6 C:\xampp\htdocs\api\system\CodeIgniter.php(918): App\Controllers\Seller\Orders->index()
#7 C:\xampp\htdocs\api\system\CodeIgniter.php(404): CodeIgniter\CodeIgniter->runController(Object(App\Controllers\Seller\Orders))
#8 C:\xampp\htdocs\api\system\CodeIgniter.php(312): CodeIgniter\CodeIgniter->handleRequest(NULL, Object(Config\Cache), false)
#9 C:\xampp\htdocs\api\public\index.php(45): CodeIgniter\CodeIgniter->run()
#10 {main}
